# JRE version: OpenJDK Runtime Environment (17.0.6) (build 17.0.6+0-b2043.56-10027231)
# Java VM: OpenJDK 64-Bit Server VM (17.0.6+0-b2043.56-10027231, mixed mode, tiered, compressed oops, compressed class ptrs, g1 gc, windows-amd64)
GC Precious Log:
 CPUs: 8 total, 8 available
 Memory: 8072M
 Large Page Support: Disabled
 NUMA Support: Disabled
 Compressed Oops: Enabled (32-bit)
 Heap Region Size: 1M
 Heap Min Capacity: 8M
 Heap Initial Capacity: 128M
 Heap Max Capacity: 2G
 Pre-touch: Disabled
 Parallel Workers: 8
 Concurrent Workers: 2
 Concurrent Refinement Workers: 8
 Periodic GC: Disabled
Heap:
 garbage-first heap   total 372736K, used 244811K [0x0000000080000000, 0x0000000100000000)
  region size 1024K, 46 young (47104K), 3 survivors (3072K)
 Metaspace       used 117100K, committed 117824K, reserved 1155072K
  class space    used 15569K, committed 15936K, reserved 1048576K
GC Heap History (20 events):
Event: 44.115 GC heap before
{Heap before GC invocations=66 (full 0):
 garbage-first heap   total 307200K, used 252134K [0x0000000080000000, 0x0000000100000000)
  region size 1024K, 68 young (69632K), 2 survivors (2048K)
 Metaspace       used 106453K, committed 107264K, reserved 1146880K
  class space    used 14263K, committed 14656K, reserved 1048576K
}
Event: 44.127 GC heap after
{Heap after GC invocations=67 (full 0):
 garbage-first heap   total 307200K, used 191292K [0x0000000080000000, 0x0000000100000000)
  region size 1024K, 8 young (8192K), 8 survivors (8192K)
 Metaspace       used 106453K, committed 107264K, reserved 1146880K
  class space    used 14263K, committed 14656K, reserved 1048576K
}
Event: 46.097 GC heap before
{Heap before GC invocations=67 (full 0):
 garbage-first heap   total 307200K, used 254780K [0x0000000080000000, 0x0000000100000000)
  region size 1024K, 70 young (71680K), 8 survivors (8192K)
 Metaspace       used 108276K, committed 109120K, reserved 1146880K
  class space    used 14486K, committed 14848K, reserved 1048576K
}
Event: 46.114 GC heap after
{Heap after GC invocations=68 (full 0):
 garbage-first heap   total 307200K, used 195342K [0x0000000080000000, 0x0000000100000000)
  region size 1024K, 5 young (5120K), 5 survivors (5120K)
 Metaspace       used 108276K, committed 109120K, reserved 1146880K
  class space    used 14486K, committed 14848K, reserved 1048576K
}
Event: 778.395 GC heap before
{Heap before GC invocations=68 (full 0):
 garbage-first heap   total 307200K, used 255758K [0x0000000080000000, 0x0000000100000000)
  region size 1024K, 65 young (66560K), 5 survivors (5120K)
 Metaspace       used 111479K, committed 112448K, reserved 1146880K
  class space    used 14888K, committed 15360K, reserved 1048576K
}
Event: 778.733 GC heap after
{Heap after GC invocations=69 (full 0):
 garbage-first heap   total 307200K, used 198438K [0x0000000080000000, 0x0000000100000000)
  region size 1024K, 8 young (8192K), 8 survivors (8192K)
 Metaspace       used 111479K, committed 112448K, reserved 1146880K
  class space    used 14888K, committed 15360K, reserved 1048576K
}
Event: 3780.466 GC heap before
{Heap before GC invocations=70 (full 0):
 garbage-first heap   total 334848K, used 254758K [0x0000000080000000, 0x0000000100000000)
  region size 1024K, 64 young (65536K), 8 survivors (8192K)
 Metaspace       used 111638K, committed 112576K, reserved 1146880K
  class space    used 14887K, committed 15360K, reserved 1048576K
}
Event: 3780.918 GC heap after
{Heap after GC invocations=71 (full 0):
 garbage-first heap   total 334848K, used 198246K [0x0000000080000000, 0x0000000100000000)
  region size 1024K, 4 young (4096K), 4 survivors (4096K)
 Metaspace       used 111638K, committed 112576K, reserved 1146880K
  class space    used 14887K, committed 15360K, reserved 1048576K
}
Event: 4425.459 GC heap before
{Heap before GC invocations=71 (full 0):
 garbage-first heap   total 334848K, used 210534K [0x0000000080000000, 0x0000000100000000)
  region size 1024K, 16 young (16384K), 4 survivors (4096K)
 Metaspace       used 111648K, committed 112576K, reserved 1146880K
  class space    used 14887K, committed 15360K, reserved 1048576K
}
Event: 4425.597 GC heap after
{Heap after GC invocations=72 (full 0):
 garbage-first heap   total 334848K, used 196403K [0x0000000080000000, 0x0000000100000000)
  region size 1024K, 1 young (1024K), 1 survivors (1024K)
 Metaspace       used 111648K, committed 112576K, reserved 1146880K
  class space    used 14887K, committed 15360K, reserved 1048576K
}
Event: 8368.606 GC heap before
{Heap before GC invocations=72 (full 0):
 garbage-first heap   total 334848K, used 282419K [0x0000000080000000, 0x0000000100000000)
  region size 1024K, 86 young (88064K), 1 survivors (1024K)
 Metaspace       used 111718K, committed 112704K, reserved 1146880K
  class space    used 14897K, committed 15360K, reserved 1048576K
}
Event: 8368.662 GC heap after
{Heap after GC invocations=73 (full 0):
 garbage-first heap   total 334848K, used 196345K [0x0000000080000000, 0x0000000100000000)
  region size 1024K, 1 young (1024K), 1 survivors (1024K)
 Metaspace       used 111718K, committed 112704K, reserved 1146880K
  class space    used 14897K, committed 15360K, reserved 1048576K
}
Event: 8378.318 GC heap before
{Heap before GC invocations=73 (full 0):
 garbage-first heap   total 334848K, used 287481K [0x0000000080000000, 0x0000000100000000)
  region size 1024K, 90 young (92160K), 1 survivors (1024K)
 Metaspace       used 113847K, committed 114816K, reserved 1155072K
  class space    used 15160K, committed 15680K, reserved 1048576K
}
Event: 8378.476 GC heap after
{Heap after GC invocations=74 (full 0):
 garbage-first heap   total 334848K, used 206733K [0x0000000080000000, 0x0000000100000000)
  region size 1024K, 11 young (11264K), 11 survivors (11264K)
 Metaspace       used 113847K, committed 114816K, reserved 1155072K
  class space    used 15160K, committed 15680K, reserved 1048576K
}
Event: 8381.211 GC heap before
{Heap before GC invocations=75 (full 0):
 garbage-first heap   total 372736K, used 252813K [0x0000000080000000, 0x0000000100000000)
  region size 1024K, 57 young (58368K), 11 survivors (11264K)
 Metaspace       used 113718K, committed 115072K, reserved 1155072K
  class space    used 15106K, committed 15680K, reserved 1048576K
}
Event: 8381.306 GC heap after
{Heap after GC invocations=76 (full 0):
 garbage-first heap   total 372736K, used 213624K [0x0000000080000000, 0x0000000100000000)
  region size 1024K, 7 young (7168K), 7 survivors (7168K)
 Metaspace       used 113718K, committed 115072K, reserved 1155072K
  class space    used 15106K, committed 15680K, reserved 1048576K
}
Event: 8381.532 GC heap before
{Heap before GC invocations=76 (full 0):
 garbage-first heap   total 372736K, used 223864K [0x0000000080000000, 0x0000000100000000)
  region size 1024K, 18 young (18432K), 7 survivors (7168K)
 Metaspace       used 113776K, committed 115072K, reserved 1155072K
  class space    used 15116K, committed 15680K, reserved 1048576K
}
Event: 8381.574 GC heap after
{Heap after GC invocations=77 (full 0):
 garbage-first heap   total 372736K, used 200330K [0x0000000080000000, 0x0000000100000000)
  region size 1024K, 2 young (2048K), 2 survivors (2048K)
 Metaspace       used 113776K, committed 115072K, reserved 1155072K
  class space    used 15116K, committed 15680K, reserved 1048576K
}
Event: 8382.266 GC heap before
{Heap before GC invocations=77 (full 0):
 garbage-first heap   total 372736K, used 217738K [0x0000000080000000, 0x0000000100000000)
  region size 1024K, 18 young (18432K), 2 survivors (2048K)
 Metaspace       used 114499K, committed 115328K, reserved 1155072K
  class space    used 15233K, committed 15680K, reserved 1048576K
}
Event: 8382.288 GC heap after
{Heap after GC invocations=78 (full 0):
 garbage-first heap   total 372736K, used 201803K [0x0000000080000000, 0x0000000100000000)
  region size 1024K, 3 young (3072K), 3 survivors (3072K)
 Metaspace       used 114499K, committed 115328K, reserved 1155072K
  class space    used 15233K, committed 15680K, reserved 1048576K
}

